This is pdfeTeX, Version 3.141592-1.21a-2.2 (Web2C 7.5.4) (format=pdflatex 2005.8.17)  7 NOV 2005 02:42
entering extended mode
**finalwriteupfinaldraft.tex
(./finalwriteupfinaldraft.tex
LaTeX2e <2003/12/01>
Babel <v3.8d> and hyphenation patterns for american, french, german, ngerman, b
ahasa, basque, bulgarian, catalan, croatian, czech, danish, dutch, esperanto, e
stonian, finnish, greek, icelandic, irish, italian, latin, magyar, norsk, polis
h, portuges, romanian, russian, serbian, slovak, slovene, spanish, swedish, tur
kish, ukrainian, nohyphenation, loaded.
(./rucsthesis.cls
Document Class: rucsthesis 2001/04/21 v1.4e Standard LaTeX document class
(/usr/share/texmf/tex/latex/base/bk12.clo
File: bk12.clo 2004/02/16 v1.4f Standard LaTeX file (size option)
)
\c@part=\count79
\c@chapter=\count80
\c@section=\count81
\c@subsection=\count82
\c@subsubsection=\count83
\c@paragraph=\count84
\c@subparagraph=\count85
\c@figure=\count86

(/usr/share/texmf/tex/latex/framed/framed.sty
Package: framed 2003/07/21 v 0.8a: framed or shaded text with page breaks
\FrameRule=\dimen102
\FrameSep=\dimen103
)
\c@table=\count87
\abovecaptionskip=\skip41
\belowcaptionskip=\skip42
\bibindent=\dimen104

(/usr/share/texmf/tex/latex/psnfss/times.sty
Package: times 2004/09/15 PSNFSS-v9.2 (SPQR) 
)
(/usr/share/texmf/tex/latex/a4wide/a4wide.sty
Package: a4wide 1994/08/30

(/usr/share/texmf/tex/latex/ntgclass/a4.sty
Package: a4 2004/04/15 v1.2g A4 based page layout
))
(/usr/share/texmf/tex/latex/setspace/setspace.sty
Package: setspace 2000/12/01 6.7 Contributed and Supported LaTeX2e package

Package: `setspace' 6.7 <2000/12/01>
) (/usr/share/texmf/tex/latex/html/url.sty
Package: url 1999/03/02  ver 1.4  Verb mode for urls, email addresses, and file
 names
))
(/usr/share/texmf/tex/latex/graphics/color.sty
Package: color 1999/02/16 v1.0i Standard LaTeX Color (DPC)

(/usr/share/texmf/tex/latex/graphics/color.cfg
File: color.cfg 2005/02/03 v1.3 color configuration of teTeX/TeXLive
)
Package color Info: Driver file: pdftex.def on input line 125.

(/usr/share/texmf/tex/latex/graphics/pdftex.def
File: pdftex.def 2002/06/19 v0.03k graphics/color for pdftex
\Gread@gobject=\count88
))
(/usr/share/texmf/tex/latex/graphics/graphicx.sty
Package: graphicx 1999/02/16 v1.0f Enhanced LaTeX Graphics (DPC,SPQR)

(/usr/share/texmf/tex/latex/graphics/keyval.sty
Package: keyval 1999/03/16 v1.13 key=value parser (DPC)
\KV@toks@=\toks14
)
(/usr/share/texmf/tex/latex/graphics/graphics.sty
Package: graphics 2001/07/07 v1.0n Standard LaTeX Graphics (DPC,SPQR)

(/usr/share/texmf/tex/latex/graphics/trig.sty
Package: trig 1999/03/16 v1.09 sin cos tan (DPC)
)
(/usr/share/texmf/tex/latex/graphics/graphics.cfg
File: graphics.cfg 2005/02/03 v1.3 graphics configuration of teTeX/TeXLive
)
Package graphics Info: Driver file: pdftex.def on input line 80.
)
\Gin@req@height=\dimen105
\Gin@req@width=\dimen106
)
(/usr/share/texmf/tex/latex/natbib/natbib.sty
Package: natbib 2003/06/06 7.1 (PWD)
\bibhang=\skip43
\bibsep=\skip44
LaTeX Info: Redefining \cite on input line 518.
\c@NAT@ctr=\count89
) (./finalwriteupfinaldraft.aux

LaTeX Warning: Label `fig:yaelres' multiply defined.


LaTeX Warning: Label `fig:afterstatesredtetfullwell' multiply defined.

)
\openout1 = `finalwriteupfinaldraft.aux'.

LaTeX Font Info:    Checking defaults for OML/cmm/m/it on input line 16.
LaTeX Font Info:    ... okay on input line 16.
LaTeX Font Info:    Checking defaults for T1/cmr/m/n on input line 16.
LaTeX Font Info:    ... okay on input line 16.
LaTeX Font Info:    Checking defaults for OT1/cmr/m/n on input line 16.
LaTeX Font Info:    ... okay on input line 16.
LaTeX Font Info:    Checking defaults for OMS/cmsy/m/n on input line 16.
LaTeX Font Info:    ... okay on input line 16.
LaTeX Font Info:    Checking defaults for OMX/cmex/m/n on input line 16.
LaTeX Font Info:    ... okay on input line 16.
LaTeX Font Info:    Checking defaults for U/cmr/m/n on input line 16.
LaTeX Font Info:    ... okay on input line 16.
LaTeX Font Info:    Try loading font information for OT1+ptm on input line 16.
 (/usr/share/texmf/tex/latex/psnfss/ot1ptm.fd
File: ot1ptm.fd 2001/06/04 font definitions for OT1/ptm.
)
(/usr/share/texmf/tex/context/base/supp-pdf.tex
(/usr/share/texmf/tex/context/base/supp-mis.tex
loading : Context Support Macros / Miscellaneous (2004.10.26)
\protectiondepth=\count90
\scratchcounter=\count91
\scratchtoks=\toks15
\scratchdimen=\dimen107
\scratchskip=\skip45
\scratchmuskip=\muskip10
\scratchbox=\box26
\scratchread=\read1
\scratchwrite=\write3
\zeropoint=\dimen108
\onepoint=\dimen109
\onebasepoint=\dimen110
\minusone=\count92
\thousandpoint=\dimen111
\onerealpoint=\dimen112
\emptytoks=\toks16
\nextbox=\box27
\nextdepth=\dimen113
\everyline=\toks17
\!!counta=\count93
\!!countb=\count94
\recursecounter=\count95
)
loading : Context Support Macros / PDF (2004.03.26)
\nofMPsegments=\count96
\nofMParguments=\count97
\MPscratchCnt=\count98
\MPscratchDim=\dimen114
\MPnumerator=\count99
\everyMPtoPDFconversion=\toks18
)
LaTeX Font Info:    External font `cmex10' loaded for size
(Font)              <14.4> on input line 18.
LaTeX Font Info:    External font `cmex10' loaded for size
(Font)              <7> on input line 18.
 [1


{/var/lib/texmf/fonts/map/pdftex/updmap/pdftex.map}]
LaTeX Font Info:    Font shape `OT1/ptm/bx/n' in size <12> not available
(Font)              Font shape `OT1/ptm/b/n' tried instead on input line 20.

Underfull \hbox (badness 10000) in paragraph at lines 22--29

 []


Underfull \hbox (badness 10000) in paragraph at lines 22--29

 []


Underfull \hbox (badness 10000) in paragraph at lines 22--29

 []


Underfull \hbox (badness 10000) in paragraph at lines 22--29

 []


Underfull \hbox (badness 10000) in paragraph at lines 22--29

 []

[1

] [1

]
LaTeX Font Info:    Font shape `OT1/ptm/bx/n' in size <24.88> not available
(Font)              Font shape `OT1/ptm/b/n' tried instead on input line 37.
 (./finalwriteupfinaldraft.toc
LaTeX Font Info:    External font `cmex10' loaded for size
(Font)              <12> on input line 3.
LaTeX Font Info:    External font `cmex10' loaded for size
(Font)              <8> on input line 3.
LaTeX Font Info:    External font `cmex10' loaded for size
(Font)              <6> on input line 3.
 [1

])
\tf@toc=\write4
\openout4 = `finalwriteupfinaldraft.toc'.

 [2] (./finalwriteupfinaldraft.lof
[3

])
\tf@lof=\write5
\openout5 = `finalwriteupfinaldraft.lof'.

 [4] (./finalwriteupfinaldraft.lot)
\tf@lot=\write6
\openout6 = `finalwriteupfinaldraft.lot'.

 [5

]
Chapter 1.
[6

] [7]
Chapter 2.
LaTeX Font Info:    Font shape `OT1/ptm/bx/n' in size <17.28> not available
(Font)              Font shape `OT1/ptm/b/n' tried instead on input line 58.
<tetgame.jpg, id=45, 276.7941pt x 352.6776pt>
File: tetgame.jpg Graphic file (type jpg)
 <use tetgame.jpg> [8

 <./tetgame.jpg>] <tetrisblocks.jpg, id=49, 684.3969pt x 162.6075pt>
File: tetrisblocks.jpg Graphic file (type jpg)
 <use tetrisblocks.jpg>
LaTeX Font Info:    Font shape `OT1/ptm/bx/n' in size <14.4> not available
(Font)              Font shape `OT1/ptm/b/n' tried instead on input line 80.
LaTeX Font Info:    Try loading font information for OMS+ptm on input line 82.

(/usr/share/texmf/tex/latex/psnfss/omsptm.fd
File: omsptm.fd 
)
LaTeX Font Info:    Font shape `OMS/ptm/m/n' in size <12> not available
(Font)              Font shape `OMS/cmsy/m/n' tried instead on input line 82.
 [9 <./tetrisblocks.jpg>] [10]
LaTeX Font Info:    External font `cmex10' loaded for size
(Font)              <5> on input line 116.

[11] [12] [13] [14] [15] [16]
<reducedblocks.png, id=91, 556.0775pt x 513.92pt>
File: reducedblocks.png Graphic file (type png)
 <use reducedblocks.png>

LaTeX Warning: `h' float specifier changed to `ht'.


LaTeX Warning: `h' float specifier changed to `ht'.

<melaxresults.png, id=92, 284.06125pt x 285.065pt>
File: melaxresults.png Graphic file (type png)
 <use melaxresults.png>

LaTeX Warning: `h' float specifier changed to `ht'.

[17] [18 <./reducedblocks.png>] <results.png, id=99, 588.1975pt x 368.37625pt>
File: results.png Graphic file (type png)

<use results.png> [19 <./melaxresults.png> <./results.png>]
Overfull \hbox (9.7426pt too wide) in paragraph at lines 289--290
[]\OT1/ptm/m/n/12 Driessens ap-proached the prob-lem with three sep-a-rate re-l
a-tional re-gres-sion meth-ods [Driessens,
 []


LaTeX Warning: `h' float specifier changed to `ht'.

[20] [21]
Chapter 3.
<fullwell.png, id=111, 259.97125pt x 520.94624pt>
File: fullwell.png Graphic file (type png)
 <use fullwell.png> [22

 <./fullwell.png>] <heightwell.png, id=116, 259.97125pt x 520.94624pt>
File: heightwell.png Graphic file (type png)

<use heightwell.png> <diffheightwell.png, id=117, 259.97125pt x 180.675pt>
File: diffheightwell.png Graphic file (type png)

<use diffheightwell.png>

LaTeX Warning: `h' float specifier changed to `ht'.

[23 <./heightwell.png>]
<capdiffheightwell.png, id=121, 259.97125pt x 131.49126pt>
File: capdiffheightwell.png Graphic file (type png)

<use capdiffheightwell.png> <reducedwell.png, id=122, 104.39pt x 104.39pt>
File: reducedwell.png Graphic file (type png)

<use reducedwell.png> <reducedwell2.png, id=123, 103.38625pt x 105.39375pt>
File: reducedwell2.png Graphic file (type png)

<use reducedwell2.png> <reducedwell3.png, id=124, 104.39pt x 103.38625pt>
File: reducedwell3.png Graphic file (type png)

<use reducedwell3.png> <reducedwell4.png, id=125, 103.38625pt x 105.39375pt>
File: reducedwell4.png Graphic file (type png)

<use reducedwell4.png>

LaTeX Warning: `h' float specifier changed to `ht'.

File: reducedwell.png Graphic file (type png)
<use reducedwell.png> <mirrorwell.png, id=126, 104.39pt x 104.39pt>
File: mirrorwell.png Graphic file (type png)

<use mirrorwell.png> [24 <./diffheightwell.png> <./capdiffheightwell.png>]
[25 <./reducedwell.png> <./reducedwell2.png> <./reducedwell3.png> <./reducedwel
l4.png> <./mirrorwell.png>] [26] [27]
<decomposedwell.png, id=139, 352.31625pt x 694.595pt>
File: decomposedwell.png Graphic file (type png)
 <use decomposedwell.png>

LaTeX Warning: `h' float specifier changed to `ht'.

[28] [29 <./decomposedwell.png>]
<finaluml.png, id=147, 570.933pt x 400.3758pt>
File: finaluml.png Graphic file (type png)
 <use finaluml.png> [30] [31 <./finaluml.png>] [32]
Chapter 4.
<mymelax.png, id=157, 404.51125pt x 511.9125pt>
File: mymelax.png Graphic file (type png)
 <use mymelax.png>

LaTeX Warning: `h' float specifier changed to `ht'.

[33

] <mymelaxresults.png, id=161, 685.8122pt x 469.00218pt>
File: mymelaxresults.png Graphic file (type png)

<use mymelaxresults.png> [34 <./mymelax.png> <./mymelaxresults.png>]
<mirrormelax.png, id=166, 778.91pt x 526.96875pt>
File: mirrormelax.png Graphic file (type png)
 <use mirrormelax.png>
[35 <./mirrormelax.png>]
<optomisticexp.png, id=170, 775.89874pt x 528.97626pt>
File: optomisticexp.png Graphic file (type png)
 <use optomisticexp.png>

LaTeX Warning: `h' float specifier changed to `ht'.

<optomisticexpexploit.png, id=171, 780.9175pt x 525.965pt>
File: optomisticexpexploit.png Graphic file (type png)

<use optomisticexpexploit.png>

LaTeX Warning: `h' float specifier changed to `ht'.

<nonoptomisticexp.png, id=172, 905.3825pt x 626.34pt>
File: nonoptomisticexp.png Graphic file (type png)

<use nonoptomisticexp.png> [36]

LaTeX Warning: `h' float specifier changed to `ht'.

<nonoptomisticexpexploit.png, id=176, 780.9175pt x 526.96875pt>
File: nonoptomisticexpexploit.png Graphic file (type png)

<use nonoptomisticexpexploit.png>

LaTeX Warning: `h' float specifier changed to `ht'.

[37 <./optomisticexp.png> <./optomisticexpexploit.png>] [38 <./nonoptomisticexp
.png> <./nonoptomisticexpexploit.png>]
<alphacomp.png, id=183, 914.41624pt x 625.33624pt>
File: alphacomp.png Graphic file (type png)
 <use alphacomp.png> [39 <./alphacomp.png>]
LaTeX Font Info:    External font `cmex10' loaded for size
(Font)              <17.28> on input line 678.
 <sarsamelax.png, id=187, 914.41624pt x 625.33624pt>
File: sarsamelax.png Graphic file (type png)

<use sarsamelax.png> [40 <./sarsamelax.png>] [41] [42]
Chapter 5.
[43

] <afterstatesredtet4well.png, id=201, 781.92125pt x 544.0325pt>
File: afterstatesredtet4well.png Graphic file (type png)

<use afterstatesredtet4well.png>

LaTeX Warning: `h' float specifier changed to `ht'.

[44] <afterstatesredtet5well.png, id=205, 779.91376pt x 536.0025pt>
File: afterstatesredtet5well.png Graphic file (type png)

<use afterstatesredtet5well.png> [45 <./afterstatesredtet4well.png> <./aftersta
tesredtet5well.png>] [46] <worthless.png, id=213, 104.39pt x 104.39pt>
File: worthless.png Graphic file (type png)

<use worthless.png> <notworthless.png, id=214, 104.39pt x 104.39pt>
File: notworthless.png Graphic file (type png)

<use notworthless.png>
<sarsaeligredtet4well.png, id=215, 771.88374pt x 527.9725pt>
File: sarsaeligredtet4well.png Graphic file (type png)

<use sarsaeligredtet4well.png>

LaTeX Warning: `h' float specifier changed to `ht'.

<sarsaelig4term.png, id=216, 352.31625pt x 531.9875pt>
File: sarsaelig4term.png Graphic file (type png)

<use sarsaelig4term.png>

LaTeX Warning: `h' float specifier changed to `ht'.

<sarsaeligredtet5well.png, id=217, 766.865pt x 533.995pt>
File: sarsaeligredtet5well.png Graphic file (type png)

<use sarsaeligredtet5well.png>

LaTeX Warning: `h' float specifier changed to `ht'.

[47 <./worthless.png> <./notworthless.png>] [48 <./sarsaeligredtet4well.png>]
[49 <./sarsaelig4term.png>] [50 <./sarsaeligredtet5well.png>]
Chapter 6.
<multisingle45.png, id=230, 788.9475pt x 542.025pt>
File: multisingle45.png Graphic file (type png)
 <use multisingle45.png>

LaTeX Warning: `h' float specifier changed to `ht'.

[51

] <multisingle.png, id=234, 796.9775pt x 531.9875pt>
File: multisingle.png Graphic file (type png)
 <use multisingle.png>
[52 <./multisingle45.png> <./multisingle.png>] [53]
<widthcomparrison.png, id=242, 790.955pt x 529.98pt>
File: widthcomparrison.png Graphic file (type png)

<use widthcomparrison.png>
<widthcomparrisonfulltet.png, id=243, 780.9175pt x 531.9875pt>
File: widthcomparrisonfulltet.png Graphic file (type png)

<use widthcomparrisonfulltet.png> [54 <./widthcomparrison.png> <./widthcomparri
sonfulltet.png>]
<afterstatesredtetfullwell.png, id=247, 929.4725pt x 629.35126pt>
File: afterstatesredtetfullwell.png Graphic file (type png)

<use afterstatesredtetfullwell.png>
<sarsaeligredtetfullwell.png, id=248, 934.49126pt x 632.3625pt>
File: sarsaeligredtetfullwell.png Graphic file (type png)

<use sarsaeligredtetfullwell.png>

LaTeX Warning: `h' float specifier changed to `ht'.

<afterstatesfulltetredwell.png, id=249, 777.90625pt x 525.965pt>
File: afterstatesfulltetredwell.png Graphic file (type png)

<use afterstatesfulltetredwell.png> [55 <./afterstatesredtetfullwell.png>]
<sarsaeligfulltetredwell.png, id=253, 932.48375pt x 637.38126pt>
File: sarsaeligfulltetredwell.png Graphic file (type png)

<use sarsaeligfulltetredwell.png>

LaTeX Warning: `h' float specifier changed to `ht'.

<sarsaeligfulltetfullwell.png, id=254, 774.895pt x 525.965pt>
File: sarsaeligfulltetfullwell.png Graphic file (type png)

<use sarsaeligfulltetfullwell.png>

LaTeX Warning: `h' float specifier changed to `ht'.

[56 <./sarsaeligredtetfullwell.png> <./afterstatesfulltetredwell.png>] [57 <./s
arsaeligfulltetredwell.png> <./sarsaeligfulltetfullwell.png>]
Chapter 7.
[58

] (./finalwriteupfinaldraft.bbl [59]
LaTeX Font Info:    Try loading font information for OT1+pcr on input line 14.

(/usr/share/texmf/tex/latex/psnfss/ot1pcr.fd
File: ot1pcr.fd 2001/06/04 font definitions for OT1/pcr.
)
Underfull \hbox (badness 1394) in paragraph at lines 17--23
[]\OT1/ptm/m/n/12 Yael Bdolah and Dror Liv-nat.  Re-in-force-ment learn-ing pla
y-ing tetris.  2000.  URL
 []


Underfull \hbox (badness 10000) in paragraph at lines 17--23
\OT1/pcr/m/n/12 http : / / www . math . tau . ac . il / ~mansour / rl-[]course 
/ student \ _proj /
 []


Underfull \hbox (badness 4954) in paragraph at lines 48--54
[]\OT1/ptm/m/n/12 Heidi Burgiel.  How to lose at tetris.  \OT1/ptm/m/it/12 Math
-e-mat-i-cal Gazette\OT1/ptm/m/n/12 , 81:491:194--200,
 []

[60

]
Underfull \hbox (badness 1406) in paragraph at lines 69--73
[]\OT1/ptm/m/n/12 Colin P. Fa-hey.  Tetris spec-i-fi-ca-tions & world records, 
2003.  URL $\OT1/pcr/m/n/12 http : / / www .
 []

) [61] (./finalwriteupfinaldraft.aux)

LaTeX Warning: There were multiply-defined labels.

 ) 
Here is how much of TeX's memory you used:
 1757 strings out of 94500
 24113 string characters out of 1176766
 70679 words of memory out of 1000000
 4862 multiletter control sequences out of 10000+50000
 29072 words of font info for 57 fonts, out of 500000 for 2000
 580 hyphenation exceptions out of 1000
 29i,8n,27p,1507b,244s stack positions out of 1500i,500n,5000p,200000b,5000s
PDF statistics:
 279 PDF objects out of 300000
 0 named destinations out of 131072
 206 words of extra memory for PDF output out of 65536
{/usr/share/texmf/fonts/enc/dvips/psnfss/8r.enc}</usr/share/texmf/fonts/type1
/urw/courier/ucrr8a.pfb></usr/share/texmf/fonts/type1/urw/times/utmri8a.pfb></u
sr/share/texmf/fonts/type1/bluesky/cm/cmmi6.pfb></usr/share/texmf/fonts/type1/b
luesky/cm/cmr8.pfb></usr/share/texmf/fonts/type1/bluesky/cm/cmmi8.pfb></usr/sha
re/texmf/fonts/type1/bluesky/cm/cmr12.pfb></usr/share/texmf/fonts/type1/bluesky
/cm/cmsy10.pfb></usr/share/texmf/fonts/type1/bluesky/cm/cmmi12.pfb></usr/share/
texmf/fonts/type1/urw/times/utmr8a.pfb></usr/share/texmf/fonts/type1/urw/times/
utmb8a.pfb></usr/share/texmf/fonts/type1/urw/times/utmr8a.pfb>
Output written on finalwriteupfinaldraft.pdf (64 pages, 776241 bytes).
